0,0.15802942
1,0.40478504
2,0.18881622
3,0.11147927
4,0.07651899
5,0.057475228
6,0.045724172
7,0.21767087
8,0.122971386
9,0.3608358
10,0.5911772
11,0.25103527
12,0.49883914
13,0.22000755
14,0.46989444
15,0.6755875
16,0.83156365
17,0.95336545
18,0.38866416
19,0.61311895
20,0.25855204
21,0.50559723
22,0.22225462
23,0.1247437
24,0.08309437
25,0.061279997
26,0.25574997
27,0.5030881
28,0.22142018
29,0.47125384
30,0.6766197
31,0.8323562
32,0.9539968
33,1.0526242
34,1.135096
35,1.2057424
36,1.2674135
37,0.54274344
38,0.23466001
39,0.48379
40,0.68613285
41,0.28413457
42,0.14759108
43,0.3924134
44,0.6160477
45,0.2595608
46,0.5064981
47,0.22255416
48,0.4723417
49,0.6774464
50,0.28103933
51,0.14648746
52,0.39107397
53,0.6150012
54,0.25920045
55,0.1385968
56,0.38130364
57,0.18097715
58,0.43033984
59,0.19730358
60,0.44739795
61,0.65845084
62,0.8184475
63,0.33340606
64,0.16477142
65,0.101371266
66,0.07129151
67,0.054363616
68,0.23976487
69,0.48853186
70,0.689727
71,0.84242064
72,0.96202993
73,0.39241344
74,0.6160477
75,0.7861561
76,0.9174068
77,0.37337297
78,0.6011096
79,0.25442925
80,0.1368465
81,0.088846646
82,0.30906513
83,0.15636684
84,0.097700156
85,0.0693416
86,0.053182095
87,0.04290283
88,0.20983982
89,0.11991198
90,0.08073406
91,0.059927687
92,0.25272787
93,0.50036865
94,0.22051613
95,0.124073096
96,0.36233318
97,0.59236854
98,0.7682067
99,0.3141906
100,0.15814883
101,0.09848503
102,0.06976091
103,0.05343718
104,0.043072455
105,0.035966005
106,0.18900023
107,0.4388252
108,0.6490753
109,0.2702583
110,0.14215784
111,0.3849151
112,0.18159492
113,0.43008217
114,0.1965848
115,0.11428731
116,0.34794152
117,0.16917625
118,0.1029642
119,0.0719551
120,0.277505
121,0.14475527
122,0.3881116
123,0.18266088
124,0.431218
125,0.19696029
126,0.11443804
127,0.34815672
128,0.5800098
129,0.24649541
130,0.13348733
131,0.08703746
132,0.3052987
133,0.15454982
134,0.39985064
135,0.62081033
136,0.78885716
137,0.918756
138,1.0230399
139,0.41874576
140,0.19283374
141,0.44187295
142,0.20048212
143,0.4496807
144,0.6591784
145,0.81811744
146,0.9419197
147,1.0420384
148,1.1255835
149,1.1970317
150,0.50399655
151,0.2210304
152,0.4699088
153,0.67459023
154,0.2792415
155,0.14537488
156,0.09251747
157,0.3145521
158,0.55262136
159,0.23725492
160,0.13004409
161,0.085412845
162,0.062456697
163,0.25780883
164,0.503931
165,0.70039016
166,0.28845483
167,0.14864413
168,0.09399176
169,0.067186765
170,0.051762752
171,0.041886013
172,0.03507307
173,0.030112525
174,0.16899893
175,0.41636106
176,0.19204387
177,0.44105688
178,0.20021236
179,0.4494082
180,0.20297155
181,0.11683574
182,0.3515562
183,0.5827368
184,0.2474201
185,0.4945616
186,0.21790181
187,0.46689314
188,0.20874797
189,0.45794153
190,0.66548127
191,0.27602014
192,0.51997435
193,0.712524
194,0.8591511
195,0.9747174
196,1.0691525
197,1.1486034
198,0.4790515
199,0.6815365
200,0.28170836
201,0.14625323
202,0.3899384
203,0.18326947
204,0.108869635
205,0.07500267
206,0.056465022
207,0.24427043
208,0.49168628
209,0.21694915
210,0.12231086
211,0.08169811
212,0.060352046
213,0.04749069
214,0.03899062
215,0.19802116
216,0.44718647
217,0.20223762
218,0.45145038
219,0.6605293
220,0.819151
221,0.9427413
222,1.0427155
223,1.1261562
224,0.46781382
225,0.20905238
226,0.4582426
227,0.2058898
228,0.45510516
229,0.20485349
230,0.11758085
231,0.0793781
232,0.059019126
233,0.046638887
234,0.21971343
235,0.123378046
236,0.36059877
237,0.58995557
238,0.24987371
239,0.49678984
240,0.21864022
241,0.46760687
242,0.6728402
243,0.82858306
244,0.9502496
245,0.38649502
246,0.61039007
247,0.25685778
248,0.5030806
249,0.22072646
250,0.12376799
251,0.082405224
252,0.060755447
253,0.25406116
254,0.5005709
255,0.21989387
256,0.46881568
257,0.67375904
258,0.82928824
259,0.9508118
260,1.0493658
261,1.1317875
262,1.2023984
263,1.2640423
264,0.54013383
265,0.23306891
266,0.48131958
267,0.6832573
268,0.2823212
269,0.14647092
270,0.39020294
271,0.6132907
272,0.2578542
273,0.50397164
274,0.22102205
275,0.46990067
276,0.6745845
277,0.27923903
278,0.14537401
279,0.3888678
280,0.61224616
281,0.25749546
282,0.13753206
283,0.37912902
284,0.179663
285,0.42801425
286,0.19590089
287,0.44502398
288,0.65561974
289,0.81539506
290,0.33139822
291,0.16354918
292,0.1005515
293,0.070689775
294,0.05389331
295,0.23814948
296,0.48604944
297,0.68684584
298,0.83934164
299,0.95883834
300,0.39020294
301,0.6132907
302,0.7831419
303,0.9142536
304,0.3712246
305,0.5983806
306,0.25274584
307,0.1357927
308,0.08811535
309,0.30715027
310,0.15519392
311,0.096905984
312,0.068754666
313,0.052721202
314,0.04252534
315,0.20837174
316,0.11896695
317,0.08006181
318,0.059413444
319,0.2510522
320,0.49785703
321,0.21899411
322,0.12310084
323,0.3602222
324,0.58965635
325,0.765215
326,0.31225568
327,0.15696536
328,0.09768537
329,0.069170795
330,0.052974258
331,0.042693567
332,0.03564626
333,0.1876421
334,0.43647528
335,0.6490753
336,0.2702583
337,0.14215784
338,0.3849151
339,0.18159492
340,0.43008217
341,0.1965848
342,0.11428731
343,0.34794152
344,0.16917625
345,0.1029642
346,0.0719551
347,0.277505
348,0.14475527
349,0.3881116
350,0.18266088
351,0.431218
352,0.19696029
353,0.11443804
354,0.34815672
355,0.5800098
356,0.24649541
357,0.13348733
358,0.08703746
359,0.3052987
360,0.15454982
361,0.39985064
362,0.62081033
363,0.78885716
364,0.918756
365,1.0230399
366,0.41874576
367,0.19283374
368,0.44187295
369,0.20048212
370,0.4496807
371,0.6591784
372,0.81811744
373,0.9419197
374,1.0420384
375,1.1255835
376,1.1970317
377,0.50399655
378,0.2210304
379,0.4699088
380,0.67459023
381,0.2792415
382,0.14537488
383,0.09251747
384,0.3145521
385,0.55262136
386,0.23725492
387,0.13004409
388,0.085412845
389,0.062456697
390,0.25780883
391,0.503931
392,0.70039016
393,0.28845483
394,0.14864413
395,0.09399176
396,0.067186765
397,0.051762752
398,0.041886013
399,0.03507307
